<?xml version="1.0" encoding="UTF-8"?>
<testsuite name="hello.TestGreeter" tests="2" skipped="0" failures="0" errors="0" timestamp="2019-10-03T22:29:50" hostname="DESKTOP-ORR784S" time="0.014">
  <properties/>
  <testcase name="testGreeter()" classname="hello.TestGreeter" time="0.012"/>
  <testcase name="testGreeterEmpty()" classname="hello.TestGreeter" time="0.001"/>
  <system-out><![CDATA[]]></system-out>
  <system-err><![CDATA[]]></system-err>
</testsuite>
